<html>
<body>
<pre>
<h1>Build Log</h1>
<h3>
--------------------Configuration: canvasApp - Win32 Debug--------------------
</h3>
<h3>Command Lines</h3>
Creating temporary file "C:\DOCUME~1\sabrina\LOCALS~1\Temp\RSP1AA.tmp" with contents
[
kernel32.lib user32.lib gdi32.lib winspool.lib comdlg32.lib advapi32.lib shell32.lib ole32.lib oleaut32.lib uuid.lib odbc32.lib odbccp32.lib /nologo /subsystem:console /incremental:yes /pdb:"Debug/canvasApp.pdb" /debug /machine:I386 /out:"Debug/canvasApp.exe" /pdbtype:sept 
".\Debug\canvasApp.obj"
]
Creating command line "link.exe @C:\DOCUME~1\sabrina\LOCALS~1\Temp\RSP1AA.tmp"
<h3>Output Window</h3>
Linking...
canvasApp.obj : error LNK2001: unresolved external symbol "public: __thiscall canvasFrame::canvasFrame(void)" (??0canvasFrame@@QAE@XZ)
libcmtd.lib(crt0.obj) : error LNK2001: unresolved external symbol _main
Debug/canvasApp.exe : fatal error LNK1120: 2 unresolved externals
Error executing link.exe.



<h3>Results</h3>
canvasApp.exe - 3 error(s), 0 warning(s)
</pre>
</body>
</html>
